Command: ninja all
[1/9] Performing build step for 'bootloader'
[1/1] C:\WINDOWS\system32\cmd.exe /C "cd /D "D:\STIC 1\Week10-Led2\LED_Flash_with_component\build\bootloader\esp-idf\esptool_py" && C:\Espressif\python_env\idf5.5_py3.11_env\Scripts\python.exe C:/Users/User/esp/v5.5.1/esp-idf/components/partition_table/check_sizes.py --offset 0x8000 bootloader 0x1000 "D:/STIC 1/Week10-Led2/LED_Flash_with_component/build/bootloader/bootloader.bin""
Bootloader binary size 0x6680 bytes. 0x980 bytes (8%) free.
[2/9] No install step for 'bootloader'
[3/9] Completed 'bootloader'
[4/9] Building CXX object esp-idf/main/CMakeFiles/__idf_main.dir/main.cpp.obj
[5/9] Linking C static library esp-idf\main\libmain.a
[6/9] Generating esp-idf/esp_system/ld/sections.ld
FAILED: esp-idf/esp_system/ld/sections.ld D:/STIC 1/Week10-Led2/LED_Flash_with_component/build/esp-idf/esp_system/ld/sections.ld 
CMakeFiles\sections.ld-d65dc84.bat 15f50ffbfd153cf6
Traceback (most recent call last):
  File "C:\Users\User\esp\v5.5.1\esp-idf\tools\ldgen\ldgen.py", line 158, in main
    script_model.write(output)
  File "C:\Users\User\esp\v5.5.1\esp-idf\tools\ldgen\ldgen\linker_script.py", line 92, in write
    output_file.write(generated_line)
  File "tempfile.py", line 483, in func_wrapper
OSError: [Errno 28] No space left on device

During handling of the above exception, another exception occurred:

OSError: [Errno 28] No space left on device

During handling of the above exception, another exception occurred:

Traceback (most recent call last):
  File "C:\Users\User\esp\v5.5.1\esp-idf\tools\ldgen\ldgen.py", line 176, in <module>
    main()
  File "C:\Users\User\esp\v5.5.1\esp-idf\tools\ldgen\ldgen.py", line 157, in main
    with tempfile.TemporaryFile('w+') as output:
  File "tempfile.py", line 501, in __exit__
OSError: [Errno 28] No space left on device
Batch file failed at line 3 with errorcode 1
ninja: build stopped: subcommand failed.
